#
# There is insufficient memory for the Java Runtime Environment to continue.
# Native memory allocation (malloc) failed to allocate 297488 bytes for Chunk::new
# Possible reasons:
#   The system is out of physical RAM or swap space
#   In 32 bit mode, the process size limit was hit
# Possible solutions:
#   Reduce memory load on the system
#   Increase physical memory or swap space
#   Check if swap backing store is full
#   Use 64 bit Java on a 64 bit OS
#   Decrease Java heap size (-Xmx/-Xms)
#   Decrease number of Java threads
#   Decrease Java thread stack sizes (-Xss)
#   Set larger code cache with -XX:ReservedCodeCacheSize=
# This output file may be truncated or incomplete.
#
#  Out of Memory Error (allocation.cpp:390), pid=6244, tid=0x0000000000001914
#
# JRE version: OpenJDK Runtime Environment (8.0_112-b06) (build 1.8.0_112-release-b06)
# Java VM: OpenJDK 64-Bit Server VM (25.112-b06 mixed mode windows-amd64 compressed oops)
# Failed to write core dump. Minidumps are not enabled by default on client versions of Windows
#

---------------  T H R E A D  ---------------

Current thread (0x00000000146bb000):  JavaThread "C2 CompilerThread0" daemon [_thread_in_native, id=6420, stack(0x0000000015d80000,0x0000000015e80000)]

Stack: [0x0000000015d80000,0x0000000015e80000]
[error occurred during error reporting (printing stack bounds), id 0xc0000005]

Native frames: (J=compiled Java code, j=interpreted, Vv=VM code, C=native code)


Current CompileTask:
C2:   3723  976       4       com.android.dx.dex.code.OutputFinisher::addConstants (93 bytes)


---------------  P R O C E S S  ---------------

Java Threads: ( => current thread )
  0x00000000161cc000 JavaThread "pool-1-thread-1" [_thread_in_Java, id=8124, stack(0x0000000016680000,0x0000000016780000)]
  0x0000000016093800 JavaThread "Service Thread" daemon [_thread_blocked, id=3472, stack(0x0000000016480000,0x0000000016580000)]
  0x000000001471b000 JavaThread "C1 CompilerThread2" daemon [_thread_blocked, id=6680, stack(0x0000000015f80000,0x0000000016080000)]
  0x00000000146be000 JavaThread "C2 CompilerThread1" daemon [_thread_blocked, id=6404, stack(0x0000000015e80000,0x0000000015f80000)]
=>0x00000000146bb000 JavaThread "C2 CompilerThread0" daemon [_thread_in_native, id=6420, stack(0x0000000015d80000,0x0000000015e80000)]
  0x00000000146b9800 JavaThread "Attach Listener" daemon [_thread_blocked, id=5956, stack(0x0000000015c80000,0x0000000015d80000)]
  0x00000000146b8800 JavaThread "Signal Dispatcher" daemon [_thread_blocked, id=1148, stack(0x0000000015b80000,0x0000000015c80000)]
  0x0000000001fe6800 JavaThread "Finalizer" daemon [_thread_blocked, id=1032, stack(0x0000000015910000,0x0000000015a10000)]
  0x0000000001fe0000 JavaThread "Reference Handler" daemon [_thread_blocked, id=1968, stack(0x0000000015810000,0x0000000015910000)]
  0x0000000001ef0800 JavaThread "main" [_thread_blocked, id=260, stack(0x0000000001d10000,0x0000000001e10000)]

Other Threads:
  0x0000000014684800 VMThread [stack: 0x0000000015710000,0x0000000015810000] [id=4004]
  0x0000000016094800 WatcherThread [stack: 0x0000000016580000,0x0000000016680000] [id=2272]

VM state:not at safepoint (normal execution)

VM Mutex/Monitor currently owned by a thread: None

Heap:
 PSYoungGen      total 18944K, used 6966K [0x00000000eab00000, 0x00000000ec000000, 0x0000000100000000)
  eden space 16384K, 26% used [0x00000000eab00000,0x00000000eaf51860,0x00000000ebb00000)
  from space 2560K, 99% used [0x00000000ebb00000,0x00000000ebd7c028,0x00000000ebd80000)
  to   space 2560K, 0% used [0x00000000ebd80000,0x00000000ebd80000,0x00000000ec000000)
 ParOldGen       total 44032K, used 1678K [0x00000000c0000000, 0x00000000c2b00000, 0x00000000eab00000)
  object space 44032K, 3% used [0x00000000c0000000,0x00000000c01a39f0,0x00000000c2b00000)
 Metaspace       used 5868K, capacity 6960K, committed 7040K, reserved 1056768K
  class space    used 574K, capacity 616K, committed 640K, reserved 1048576K

Card table byte_map: [0x00000000113b0000,0x00000000115c0000] byte_map_base: 0x0000000010db0000

Marking Bits: (ParMarkBitMap*) 0x00000000630918f0
 Begin Bits: [0x0000000011b20000, 0x0000000012b20000)
 End Bits:   [0x0000000012b20000, 0x0000000013b20000)

Polling page: 0x0000000000530000

CodeCache: size=245760Kb used=4081Kb max_used=4081Kb free=241678Kb
 bounds [0x0000000001ff0000, 0x0000000002400000, 0x0000000010ff0000]
 total_blobs=1297 nmethods=1035 adapters=175
 compilation: disabled (not enough contiguous free space left)

Compilation events (10 events):
Event: 3.081 Thread 0x000000001471b000 1000       3       com.android.dx.dex.file.MemberIdItem::addContents (26 bytes)
Event: 3.082 Thread 0x000000001471b000 nmethod 1000 0x00000000023dc190 code [0x00000000023dc360, 0x00000000023dcd88]
Event: 3.082 Thread 0x000000001471b000 1001       3       com.android.dx.dex.file.IdItem::addContents (15 bytes)
Event: 3.082 Thread 0x000000001471b000 nmethod 1001 0x00000000023d9750 code [0x00000000023d98c0, 0x00000000023d9b68]
Event: 3.082 Thread 0x000000001471b000  999       3       com.android.dx.dex.file.FieldIdItem::getFieldRef (8 bytes)
Event: 3.082 Thread 0x000000001471b000 nmethod 999 0x00000000023dd210 code [0x00000000023dd380, 0x00000000023dd650]
Event: 3.082 Thread 0x000000001471b000 1002  s    3       com.android.dx.dex.file.TypeIdsSection::intern (62 bytes)
Event: 3.083 Thread 0x000000001471b000 nmethod 1002 0x00000000023dd6d0 code [0x00000000023dd8e0, 0x00000000023de4c8]
Event: 3.083 Thread 0x000000001471b000  986       3       com.android.dx.rop.type.StdTypeList::getType (6 bytes)
Event: 3.084 Thread 0x000000001471b000 nmethod 986 0x00000000023dea90 code [0x00000000023dec00, 0x00000000023defc8]

GC Heap History (2 events):
Event: 2.326 GC heap before
{Heap before GC invocations=1 (full 0):
 PSYoungGen      total 18944K, used 16384K [0x00000000eab00000, 0x00000000ec000000, 0x0000000100000000)
  eden space 16384K, 100% used [0x00000000eab00000,0x00000000ebb00000,0x00000000ebb00000)
  from space 2560K, 0% used [0x00000000ebd80000,0x00000000ebd80000,0x00000000ec000000)
  to   space 2560K, 0% used [0x00000000ebb00000,0x00000000ebb00000,0x00000000ebd80000)
 ParOldGen       total 44032K, used 0K [0x00000000c0000000, 0x00000000c2b00000, 0x00000000eab00000)
  object space 44032K, 0% used [0x00000000c0000000,0x00000000c0000000,0x00000000c2b00000)
 Metaspace       used 5547K, capacity 6768K, committed 7040K, reserved 1056768K
  class space    used 551K, capacity 616K, committed 640K, reserved 1048576K
Event: 2.457 GC heap after
Heap after GC invocations=1 (full 0):
 PSYoungGen      total 18944K, used 2544K [0x00000000eab00000, 0x00000000ec000000, 0x0000000100000000)
  eden space 16384K, 0% used [0x00000000eab00000,0x00000000eab00000,0x00000000ebb00000)
  from space 2560K, 99% used [0x00000000ebb00000,0x00000000ebd7c028,0x00000000ebd80000)
  to   space 2560K, 0% used [0x00000000ebd80000,0x00000000ebd80000,0x00000000ec000000)
 ParOldGen       total 44032K, used 1678K [0x00000000c0000000, 0x00000000c2b00000, 0x00000000eab00000)
  object space 44032K, 3% used [0x00000000c0000000,0x00000000c01a39f0,0x00000000c2b00000)
 Metaspace       used 5547K, capacity 6768K, committed 7040K, reserved 1056768K
  class space    used 551K, capacity 616K, committed 640K, reserved 1048576K
}

Deoptimization events (5 events):
Event: 1.641 Thread 0x00000000161c4800 Uncommon trap: reason=unstable_if action=reinterpret pc=0x000000000221e91c method=java.util.HashMap.getNode(ILjava/lang/Object;)Ljava/util/HashMap$Node; @ 129
Event: 2.481 Thread 0x00000000161c5800 Uncommon trap: reason=unstable_if action=reinterpret pc=0x00000000022426b0 method=java.util.BitSet.nextSetBit(I)I @ 87
Event: 2.498 Thread 0x00000000161c5800 Uncommon trap: reason=unstable_if action=reinterpret pc=0x00000000023565f0 method=java.util.BitSet.ensureCapacity(I)V @ 6
Event: 2.499 Thread 0x00000000161c5800 Uncommon trap: reason=unstable_if action=reinterpret pc=0x0000000002357f3c method=com.android.dx.rop.code.RegisterSpec.withReg(I)Lcom/android/dx/rop/code/RegisterSpec; @ 5
Event: 3.056 Thread 0x00000000161cc000 Uncommon trap: reason=bimorphic action=maybe_recompile pc=0x0000000002314ef8 method=java.util.HashMap.getNode(ILjava/lang/Object;)Ljava/util/HashMap$Node; @ 126

Internal exceptions (2 events):
Event: 0.052 Thread 0x0000000001ef0800 Exception <a 'java/lang/NoSuchMethodError': Method sun.misc.Unsafe.defineClass(Ljava/lang/String;[BII)Ljava/lang/Class; name or signature does not match> (0x00000000eab07c78) thrown at [C:\src\android\AOSP-openjdk\external\jetbrains\jdk\hotspot\src\share\v;‘v×¡xª?
Event: 0.052 Thread 0x0000000001ef0800 Exception <a 'java/lang/NoSuchMethodError': Method sun.misc.Unsafe.prefetchRead(Ljava/lang/Object;J)V name or signature does not match> (0x00000000eab07f60) thrown at [C:\src\android\AOSP-openjdk\external\jetbrains\jdk\hotspot\src\share\vm\prims\jni.cpp, l

Events (10 events):
Event: 3.050 loading class java/util/TreeMap$EntrySet done
Event: 3.050 loading class java/util/TreeMap$EntryIterator
Event: 3.050 loading class java/util/TreeMap$EntryIterator done
Event: 3.056 Thread 0x00000000161cc000 Uncommon trap: trap_request=0xffffffc6 fr.pc=0x0000000002314ef8
Event: 3.056 Thread 0x00000000161cc000 DEOPT PACKING pc=0x0000000002314ef8 sp=0x000000001677e7d0
Event: 3.056 Thread 0x00000000161cc000 DEOPT UNPACKING pc=0x000000000203556a sp=0x000000001677e6f8 mode 2
Event: 3.069 loading class com/android/dx/dex/file/ProtoIdItem
Event: 3.069 loading class com/android/dx/dex/file/ProtoIdItem done
Event: 3.085 loading class com/android/dex/Leb128
Event: 3.085 loading class com/android/dex/Leb128 done


Dynamic libraries:
0x00007ff6c4710000 - 0x00007ff6c4741000 	C:\Program Files\Android\Android Studio\jre\bin\java.exe
0x00007fff72e80000 - 0x00007fff7302a000 	C:\Windows\SYSTEM32\ntdll.dll
0x00007fff72b30000 - 0x00007fff72c6a000 	C:\Windows\system32\KERNEL32.DLL
0x00007fff705f0000 - 0x00007fff70700000 	C:\Windows\system32\KERNELBASE.dll
0x00007fff70df0000 - 0x00007fff70e95000 	C:\Windows\system32\ADVAPI32.dll
0x00007fff710b0000 - 0x00007fff71221000 	C:\Windows\system32\USER32.dll
0x00007fff6d390000 - 0x00007fff6d5ea000 	C:\Windows\WinSxS\amd64_microsoft.windows.common-controls_6595b64144ccf1df_6.0.9600.17031_none_6242a4b3ecbb55a1\COMCTL32.dll
0x00007fff71620000 - 0x00007fff716c7000 	C:\Windows\system32\msvcrt.dll
0x00007fff70b40000 - 0x00007fff70b97000 	C:\Windows\SYSTEM32\sechost.dll
0x00007fff70700000 - 0x00007fff70836000 	C:\Windows\system32\RPCRT4.dll
0x00007fff714d0000 - 0x00007fff71615000 	C:\Windows\system32\GDI32.dll
0x00007fff72af0000 - 0x00007fff72b24000 	C:\Windows\system32\IMM32.DLL
0x00007fff70960000 - 0x00007fff70a99000 	C:\Windows\system32\MSCTF.dll
0x00000000627f0000 - 0x00000000628c2000 	C:\Program Files\Android\Android Studio\jre\jre\bin\msvcr100.dll
0x00000000628d0000 - 0x000000006310c000 	C:\Program Files\Android\Android Studio\jre\jre\bin\server\jvm.dll
0x00007fff6e2f0000 - 0x00007fff6e2f9000 	C:\Windows\SYSTEM32\WSOCK32.dll
0x00007fff6d000000 - 0x00007fff6d01f000 	C:\Windows\SYSTEM32\WINMM.dll
0x00007fff69b50000 - 0x00007fff69b5a000 	C:\Windows\SYSTEM32\VERSION.dll
0x00007fff70c00000 - 0x00007fff70c07000 	C:\Windows\system32\PSAPI.DLL
0x00007fff70900000 - 0x00007fff70958000 	C:\Windows\system32\WS2_32.dll
0x00007fff6cfd0000 - 0x00007fff6cffa000 	C:\Windows\SYSTEM32\WINMMBASE.dll
0x00007fff710a0000 - 0x00007fff710a9000 	C:\Windows\system32\NSI.dll
0x00007fff704a0000 - 0x00007fff704ea000 	C:\Windows\SYSTEM32\cfgmgr32.dll
0x00007fff6f070000 - 0x00007fff6f096000 	C:\Windows\SYSTEM32\DEVOBJ.dll
0x00007fff6d160000 - 0x00007fff6d16f000 	C:\Program Files\Android\Android Studio\jre\jre\bin\verify.dll
0x00007fff67db0000 - 0x00007fff67dd9000 	C:\Program Files\Android\Android Studio\jre\jre\bin\java.dll
0x00007fff6c900000 - 0x00007fff6c916000 	C:\Program Files\Android\Android Studio\jre\jre\bin\zip.dll
0x00007fff716d0000 - 0x00007fff72ae7000 	C:\Windows\system32\SHELL32.dll
0x00007fff70c10000 - 0x00007fff70de6000 	C:\Windows\SYSTEM32\combase.dll
0x00007fff712e0000 - 0x00007fff71331000 	C:\Windows\system32\SHLWAPI.dll
0x00007fff6e850000 - 0x00007fff6e8ef000 	C:\Windows\SYSTEM32\SHCORE.dll
0x00007fff701f0000 - 0x00007fff70204000 	C:\Windows\SYSTEM32\profapi.dll

VM Arguments:
jvm_args: -Djava.awt.headless=true -Xmx1024M -Dfile.encoding=windows-1252 -Duser.country=US -Duser.language=en -Duser.variant 
java_command: com.android.dx.command.Main --dex --force-jumbo --num-threads=4 --multi-dex --output F:\DOWn\video-quickstart-android-master\quickstart\build\intermediates\transforms\dex\debug\folders\1000\5\slice_2 F:\DOWn\video-quickstart-android-master\quickstart\build\intermediates\transforms\instantRunSlicer\debug\folders\1\5\slice_2
java_class_path (initial): C:\Users\vignesh\AppData\Local\Android\sdk\build-tools\25.0.0\lib\dx.jar
Launcher Type: SUN_STANDARD

Environment Variables:
PATH=C:\Windows\system32;C:\Windows;C:\Windows\System32\Wbem;C:\Windows\System32\WindowsPowerShell\v1.0\;C:\Program Files (x86)\Common Files\Adobe\AGL;C:\Program Files\Git\cmd;C:\Program Files\nodejs\;C:\Users\vignesh\AppData\Roaming\npm;C:\mongodb\bin
USERNAME=vignesh
OS=Windows_NT
PROCESSOR_IDENTIFIER=Intel64 Family 6 Model 42 Stepping 7, GenuineIntel



---------------  S Y S T E M  ---------------

OS: Windows 8.1 , 64 bit Build 9600 (6.3.9600.17031)

CPU:total 4 (2 cores per cpu, 2 threads per core) family 6 model 42 stepping 7, cmov, cx8, fxsr, mmx, sse, sse2, sse3, ssse3, sse4.1, sse4.2, popcnt, avx, clmul, ht, tsc, tscinvbit

Memory: 4k page, physical 4092272k(277688k free), swap 6861024k(1828k free)

vm_info: OpenJDK 64-Bit Server VM (25.112-b06) for windows-amd64 JRE (1.8.0_112-release-b06), built on Dec  8 2016 00:54:26 by "builder" with MS VC++ 10.0 (VS2010)

time: Sat May 20 12:19:25 2017
elapsed time: 3 seconds (0d 0h 0m 3s)

